c:\users\adam0\documents\studia\semestr 3\po\jurekspejsinvejderv2\jurekspejsinvejder\release\vc142.pdb
c:\users\adam0\documents\studia\semestr 3\po\jurekspejsinvejderv2\jurekspejsinvejder\release\laser.obj
c:\users\adam0\documents\studia\semestr 3\po\jurekspejsinvejderv2\jurekspejsinvejder\release\ship.obj
c:\users\adam0\documents\studia\semestr 3\po\jurekspejsinvejderv2\jurekspejsinvejder\release\selectship.obj
c:\users\adam0\documents\studia\semestr 3\po\jurekspejsinvejderv2\jurekspejsinvejder\release\options.obj
c:\users\adam0\documents\studia\semestr 3\po\jurekspejsinvejderv2\jurekspejsinvejder\release\mainmenu.obj
c:\users\adam0\documents\studia\semestr 3\po\jurekspejsinvejderv2\jurekspejsinvejder\release\jurekspejsinvejder.obj
c:\users\adam0\documents\studia\semestr 3\po\jurekspejsinvejderv2\jurekspejsinvejder\release\how2play.obj
c:\users\adam0\documents\studia\semestr 3\po\jurekspejsinvejderv2\jurekspejsinvejder\release\enemylaser.obj
c:\users\adam0\documents\studia\semestr 3\po\jurekspejsinvejderv2\jurekspejsinvejder\release\enemy.obj
c:\users\adam0\documents\studia\semestr 3\po\jurekspejsinvejderv2\jurekspejsinvejder\release\bomb.obj
c:\users\adam0\documents\studia\semestr 3\po\jurekspejsinvejderv2\jurekspejsinvejder\release\vc143.pdb
c:\users\adam0\documents\studia\semestr 3\po\jurekspejsinvejderv2\jurekspejsinvejder\release\gameover.obj
c:\users\adam0\documents\studia\semestr 3\po\jurekspejsinvejderv2\jurekspejsinvejder\release\boss.obj
c:\users\adam0\documents\studia\semestr 3\po\jurekspejsinvejderv2\jurekspejsinvejder\release\victory.obj
c:\users\adam0\documents\studia\semestr 3\po\jurekspejsinvejderv2\jurekspejsinvejder\release\bosslaser.obj
c:\users\adam0\documents\studia\semestr 3\po\jurekspejsinvejderv2\jurekspejsinvejder\release\playerweapon.obj
c:\users\adam0\documents\studia\semestr 3\po\jurekspejsinvejderv2\release\jurekspejsinvejder.exe
c:\users\adam0\documents\studia\semestr 3\po\jurekspejsinvejderv2\jurekspejsinvejder\release\jurekspejsinvejder.ipdb
c:\users\adam0\documents\studia\semestr 3\po\jurekspejsinvejderv2\jurekspejsinvejder\release\jurekspejsinvejder.iobj
c:\users\adam0\documents\studia\semestr 3\po\jurekspejsinvejderv2\release\jurekspejsinvejder.pdb
c:\users\kamil\desktop\jurekspejsinvejderv2\jurekspejsinvejder\release\actualgame.obj
c:\users\kamil\desktop\jurekspejsinvejderv2\jurekspejsinvejder\release\bomb.obj
c:\users\kamil\desktop\jurekspejsinvejderv2\jurekspejsinvejder\release\boss.obj
c:\users\kamil\desktop\jurekspejsinvejderv2\jurekspejsinvejder\release\bosslaser.obj
c:\users\kamil\desktop\jurekspejsinvejderv2\jurekspejsinvejder\release\enemy.obj
c:\users\kamil\desktop\jurekspejsinvejderv2\jurekspejsinvejder\release\enemylaser.obj
c:\users\kamil\desktop\jurekspejsinvejderv2\jurekspejsinvejder\release\gameover.obj
c:\users\kamil\desktop\jurekspejsinvejderv2\jurekspejsinvejder\release\how2play.obj
c:\users\kamil\desktop\jurekspejsinvejderv2\jurekspejsinvejder\release\jurekspejsinvejder.obj
c:\users\kamil\desktop\jurekspejsinvejderv2\jurekspejsinvejder\release\laser.obj
c:\users\kamil\desktop\jurekspejsinvejderv2\jurekspejsinvejder\release\mainmenu.obj
c:\users\kamil\desktop\jurekspejsinvejderv2\jurekspejsinvejder\release\options.obj
c:\users\kamil\desktop\jurekspejsinvejderv2\jurekspejsinvejder\release\playerweapon.obj
c:\users\kamil\desktop\jurekspejsinvejderv2\jurekspejsinvejder\release\selectship.obj
c:\users\kamil\desktop\jurekspejsinvejderv2\jurekspejsinvejder\release\ship.obj
c:\users\kamil\desktop\jurekspejsinvejderv2\jurekspejsinvejder\release\shoot.obj
c:\users\kamil\desktop\jurekspejsinvejderv2\jurekspejsinvejder\release\victory.obj
c:\users\kamil\desktop\jurekspejsinvejderv2\jurekspejsinvejder\release\jurekspejsinvejder.ipdb
c:\users\kamil\desktop\jurekspejsinvejderv2\jurekspejsinvejder\release\jurekspejsinvejder.iobj
c:\users\kamil\desktop\jurekspejsinvejderv2\jurekspejsinvejder\release\vc142.pdb
c:\users\kamil\desktop\jurekspejsinvejderv2\jurekspejsinvejder\release\vc143.pdb
c:\users\kamil\desktop\jurekspejsinvejderv2\release\jurekspejsinvejder.pdb
c:\users\kamil\desktop\jurekspejsinvejderv2\release\jurekspejsinvejder.exe
c:\users\kamil\desktop\jurekspejsinvejderv2\jurekspejsinvejder\release\jurekspe.c268809a.tlog\cl.command.1.tlog
c:\users\kamil\desktop\jurekspejsinvejderv2\jurekspejsinvejder\release\jurekspe.c268809a.tlog\cl.read.1.tlog
c:\users\kamil\desktop\jurekspejsinvejderv2\jurekspejsinvejder\release\jurekspe.c268809a.tlog\cl.write.1.tlog
c:\users\kamil\desktop\jurekspejsinvejderv2\jurekspejsinvejder\release\jurekspe.c268809a.tlog\link.command.1.tlog
c:\users\kamil\desktop\jurekspejsinvejderv2\jurekspejsinvejder\release\jurekspe.c268809a.tlog\link.read.1.tlog
c:\users\kamil\desktop\jurekspejsinvejderv2\jurekspejsinvejder\release\jurekspe.c268809a.tlog\link.write.1.tlog
