  Bomb.cpp
  Boss.cpp
  BossLaser.cpp
  Enemy.cpp
  EnemyLaser.cpp
  GameOver.cpp
  How2Play.cpp
  JurekSpejsInvejder.cpp
C:\Users\Kamil\Desktop\JurekSpejsInvejderv2\JurekSpejsInvejder\JurekSpejsInvejder.cpp(108,28): warning C4305: "inicjowanie": obcięcie z "double" do "float"
C:\Users\Kamil\Desktop\JurekSpejsInvejderv2\JurekSpejsInvejder\JurekSpejsInvejder.cpp(180,50): warning C4305: "=": obcięcie z "double" do "float"
C:\Users\Kamil\Desktop\JurekSpejsInvejderv2\JurekSpejsInvejder\JurekSpejsInvejder.cpp(186,50): warning C4305: "=": obcięcie z "double" do "float"
C:\Users\Kamil\Desktop\JurekSpejsInvejderv2\JurekSpejsInvejder\JurekSpejsInvejder.cpp(192,50): warning C4305: "=": obcięcie z "double" do "float"
C:\Users\Kamil\Desktop\JurekSpejsInvejderv2\JurekSpejsInvejder\JurekSpejsInvejder.cpp(255,38): warning C4305: "=": obcięcie z "double" do "float"
C:\Users\Kamil\Desktop\JurekSpejsInvejderv2\JurekSpejsInvejder\JurekSpejsInvejder.cpp(429,46): warning C4244: "argument": konwersja z "int" do "float", możliwa utrata danych
C:\Users\Kamil\Desktop\JurekSpejsInvejderv2\JurekSpejsInvejder\JurekSpejsInvejder.cpp(467,43): warning C4018: "<": niezgodność typu ze znakiem/bez znaku
C:\Users\Kamil\Desktop\JurekSpejsInvejderv2\JurekSpejsInvejder\JurekSpejsInvejder.cpp(479,43): warning C4018: "<": niezgodność typu ze znakiem/bez znaku
C:\Users\Kamil\Desktop\JurekSpejsInvejderv2\JurekSpejsInvejder\JurekSpejsInvejder.cpp(502,43): warning C4018: "<": niezgodność typu ze znakiem/bez znaku
C:\Users\Kamil\Desktop\JurekSpejsInvejderv2\JurekSpejsInvejder\JurekSpejsInvejder.cpp(513,61): warning C4244: "argument": konwersja z "float" do "int", możliwa utrata danych
C:\Users\Kamil\Desktop\JurekSpejsInvejderv2\JurekSpejsInvejder\JurekSpejsInvejder.cpp(516,43): warning C4018: "<": niezgodność typu ze znakiem/bez znaku
C:\Users\Kamil\Desktop\JurekSpejsInvejderv2\JurekSpejsInvejder\JurekSpejsInvejder.cpp(518,70): warning C4244: "argument": konwersja z "double" do "float", możliwa utrata danych
C:\Users\Kamil\Desktop\JurekSpejsInvejderv2\JurekSpejsInvejder\JurekSpejsInvejder.cpp(527,61): warning C4244: "argument": konwersja z "float" do "int", możliwa utrata danych
C:\Users\Kamil\Desktop\JurekSpejsInvejderv2\JurekSpejsInvejder\JurekSpejsInvejder.cpp(530,43): warning C4018: "<": niezgodność typu ze znakiem/bez znaku
C:\Users\Kamil\Desktop\JurekSpejsInvejderv2\JurekSpejsInvejder\JurekSpejsInvejder.cpp(541,61): warning C4244: "argument": konwersja z "float" do "int", możliwa utrata danych
C:\Users\Kamil\Desktop\JurekSpejsInvejderv2\JurekSpejsInvejder\JurekSpejsInvejder.cpp(585,50): warning C4244: "argument": konwersja z "int" do "float", możliwa utrata danych
C:\Users\Kamil\Desktop\JurekSpejsInvejderv2\JurekSpejsInvejder\JurekSpejsInvejder.cpp(593,39): warning C4018: "<": niezgodność typu ze znakiem/bez znaku
C:\Users\Kamil\Desktop\JurekSpejsInvejderv2\JurekSpejsInvejder\JurekSpejsInvejder.cpp(604,39): warning C4018: "<": niezgodność typu ze znakiem/bez znaku
C:\Users\Kamil\Desktop\JurekSpejsInvejderv2\JurekSpejsInvejder\JurekSpejsInvejder.cpp(616,31): warning C4018: "<": niezgodność typu ze znakiem/bez znaku
C:\Users\Kamil\Desktop\JurekSpejsInvejderv2\JurekSpejsInvejder\JurekSpejsInvejder.cpp(646,35): warning C4018: "<": niezgodność typu ze znakiem/bez znaku
C:\Users\Kamil\Desktop\JurekSpejsInvejderv2\JurekSpejsInvejder\JurekSpejsInvejder.cpp(657,53): warning C4244: "argument": konwersja z "float" do "int", możliwa utrata danych
C:\Users\Kamil\Desktop\JurekSpejsInvejderv2\JurekSpejsInvejder\JurekSpejsInvejder.cpp(707,31): warning C4018: "<": niezgodność typu ze znakiem/bez znaku
C:\Users\Kamil\Desktop\JurekSpejsInvejderv2\JurekSpejsInvejder\JurekSpejsInvejder.cpp(721,35): warning C4018: "<": niezgodność typu ze znakiem/bez znaku
C:\Users\Kamil\Desktop\JurekSpejsInvejderv2\JurekSpejsInvejder\JurekSpejsInvejder.cpp(738,31): warning C4018: "<": niezgodność typu ze znakiem/bez znaku
C:\Users\Kamil\Desktop\JurekSpejsInvejderv2\JurekSpejsInvejder\JurekSpejsInvejder.cpp(752,35): warning C4018: "<": niezgodność typu ze znakiem/bez znaku
  MainMenu.cpp
  Options.cpp
  SelectShip.cpp
  Ship.cpp
  Laser.cpp
  Victory.cpp
  Trwa generowanie kodu
  Previous IPDB not found, fall back to full compilation.
  All 498 functions were compiled because no usable IPDB/IOBJ from previous compilation was found.
  Zakończono generowanie kodu
  JurekSpejsInvejder.vcxproj -> C:\Users\Kamil\Desktop\JurekSpejsInvejderv2\Release\JurekSpejsInvejder.exe
